[ Info: MPI OK
┌ Warning: Module bound with build ID 26012619639856140 is missing from the cache.
│ This may mean bound [top-level] does not support precompilation but is imported by a module that does.
└ @ Base loading.jl:1107
┌ Warning: Module bound with build ID 26012619639856140 is missing from the cache.
│ This may mean bound [top-level] does not support precompilation but is imported by a module that does.
└ @ Base loading.jl:1107
┌ Warning: Module bound with build ID 26012619690066152 is missing from the cache.
│ This may mean bound [top-level] does not support precompilation but is imported by a module that does.
└ @ Base loading.jl:1107
┌ Warning: Module bound with build ID 26012619690066152 is missing from the cache.
│ This may mean bound [top-level] does not support precompilation but is imported by a module that does.
└ @ Base loading.jl:1107
┌ Warning: Module bound with build ID 26012619690066152 is missing from the cache.
│ This may mean bound [top-level] does not support precompilation but is imported by a module that does.
└ @ Base loading.jl:1107
┌ Warning: Module bound with build ID 26012619690066152 is missing from the cache.
│ This may mean bound [top-level] does not support precompilation but is imported by a module that does.
└ @ Base loading.jl:1107
┌ Warning: Module bound with build ID 26012619690066152 is missing from the cache.
│ This may mean bound [top-level] does not support precompilation but is imported by a module that does.
└ @ Base loading.jl:1107
┌ Warning: Module bound with build ID 26012619690066152 is missing from the cache.
│ This may mean bound [top-level] does not support precompilation but is imported by a module that does.
└ @ Base loading.jl:1107
┌ Warning: Module bound with build ID 26012619639856140 is missing from the cache.
│ This may mean bound [top-level] does not support precompilation but is imported by a module that does.
└ @ Base loading.jl:1107
┌ Warning: Module bound with build ID 26012619639856140 is missing from the cache.
│ This may mean bound [top-level] does not support precompilation but is imported by a module that does.
└ @ Base loading.jl:1107
┌ Warning: Module bound with build ID 26012619639856140 is missing from the cache.
│ This may mean bound [top-level] does not support precompilation but is imported by a module that does.
└ @ Base loading.jl:1107
┌ Warning: Module bound with build ID 26012619690066152 is missing from the cache.
│ This may mean bound [top-level] does not support precompilation but is imported by a module that does.
└ @ Base loading.jl:1107
┌ Warning: Module bound with build ID 26012619690066152 is missing from the cache.
│ This may mean bound [top-level] does not support precompilation but is imported by a module that does.
└ @ Base loading.jl:1107
┌ Warning: Module bound with build ID 26012619690066152 is missing from the cache.
│ This may mean bound [top-level] does not support precompilation but is imported by a module that does.
└ @ Base loading.jl:1107
┌ Warning: Module bound with build ID 26012619639856140 is missing from the cache.
│ This may mean bound [top-level] does not support precompilation but is imported by a module that does.
└ @ Base loading.jl:1107
┌ Warning: Module TimerOutputs with build ID 26012608685095228 is missing from the cache.
│ This may mean TimerOutputs [a759f4b9-e2f1-59dc-863e-4aeb61b1ea8f] does not support precompilation but is imported by a module that does.
└ @ Base loading.jl:1107
┌ Warning: Module TimerOutputs with build ID 26012608696432655 is missing from the cache.
│ This may mean TimerOutputs [a759f4b9-e2f1-59dc-863e-4aeb61b1ea8f] does not support precompilation but is imported by a module that does.
└ @ Base loading.jl:1107
┌ Warning: Module ub_func with build ID 26012640984232126 is missing from the cache.
│ This may mean ub_func [top-level] does not support precompilation but is imported by a module that does.
└ @ Base loading.jl:1107
┌ Warning: Module ub_func with build ID 26012641020943439 is missing from the cache.
│ This may mean ub_func [top-level] does not support precompilation but is imported by a module that does.
└ @ Base loading.jl:1107
┌ Warning: Module ub_func with build ID 26012640978236422 is missing from the cache.
│ This may mean ub_func [top-level] does not support precompilation but is imported by a module that does.
└ @ Base loading.jl:1107
┌ Warning: Module Nodes with build ID 26012628332483112 is missing from the cache.
│ This may mean Nodes [top-level] does not support precompilation but is imported by a module that does.
└ @ Base loading.jl:1107
┌ Warning: Module Nodes with build ID 26012628329695207 is missing from the cache.
│ This may mean Nodes [top-level] does not support precompilation but is imported by a module that does.
└ @ Base loading.jl:1107
┌ Warning: Module Nodes with build ID 26012628336298331 is missing from the cache.
│ This may mean Nodes [top-level] does not support precompilation but is imported by a module that does.
└ @ Base loading.jl:1107
┌ Warning: Module Nodes with build ID 26012628359654756 is missing from the cache.
│ This may mean Nodes [top-level] does not support precompilation but is imported by a module that does.
└ @ Base loading.jl:1107
┌ Warning: Module Nodes with build ID 26012628325517199 is missing from the cache.
│ This may mean Nodes [top-level] does not support precompilation but is imported by a module that does.
└ @ Base loading.jl:1107
┌ Warning: Module Nodes with build ID 26012628332483112 is missing from the cache.
│ This may mean Nodes [top-level] does not support precompilation but is imported by a module that does.
└ @ Base loading.jl:1107
┌ Warning: Module Nodes with build ID 26012628329695207 is missing from the cache.
│ This may mean Nodes [top-level] does not support precompilation but is imported by a module that does.
└ @ Base loading.jl:1107
┌ Warning: Module Nodes with build ID 26012628359654756 is missing from the cache.
│ This may mean Nodes [top-level] does not support precompilation but is imported by a module that does.
└ @ Base loading.jl:1107
┌ Warning: Module Nodes with build ID 26012628336298331 is missing from the cache.
│ This may mean Nodes [top-level] does not support precompilation but is imported by a module that does.
└ @ Base loading.jl:1107
┌ Warning: Module Nodes with build ID 26012628325517199 is missing from the cache.
│ This may mean Nodes [top-level] does not support precompilation but is imported by a module that does.
└ @ Base loading.jl:1107
┌ Warning: Module bound with build ID 26012619639856140 is missing from the cache.
│ This may mean bound [top-level] does not support precompilation but is imported by a module that does.
└ @ Base loading.jl:1107
┌ Warning: Module bound with build ID 26012619690066152 is missing from the cache.
│ This may mean bound [top-level] does not support precompilation but is imported by a module that does.
└ @ Base loading.jl:1107
┌ Warning: Module bound with build ID 26012619690066152 is missing from the cache.
│ This may mean bound [top-level] does not support precompilation but is imported by a module that does.
└ @ Base loading.jl:1107
┌ Warning: Module bound with build ID 26012619690066152 is missing from the cache.
│ This may mean bound [top-level] does not support precompilation but is imported by a module that does.
└ @ Base loading.jl:1107
┌ Warning: Module bound with build ID 26012619639856140 is missing from the cache.
│ This may mean bound [top-level] does not support precompilation but is imported by a module that does.
└ @ Base loading.jl:1107
┌ Warning: Module ub_func with build ID 26012640978236422 is missing from the cache.
│ This may mean ub_func [top-level] does not support precompilation but is imported by a module that does.
└ @ Base loading.jl:1107
┌ Warning: Module ub_func with build ID 26012641048505513 is missing from the cache.
│ This may mean ub_func [top-level] does not support precompilation but is imported by a module that does.
└ @ Base loading.jl:1107
┌ Warning: Module ub_func with build ID 26012640984232126 is missing from the cache.
│ This may mean ub_func [top-level] does not support precompilation but is imported by a module that does.
└ @ Base loading.jl:1107
┌ Warning: Module ub_func with build ID 26012641020943439 is missing from the cache.
│ This may mean ub_func [top-level] does not support precompilation but is imported by a module that does.
└ @ Base loading.jl:1107
┌ Warning: Module ub_func with build ID 26012641047117262 is missing from the cache.
│ This may mean ub_func [top-level] does not support precompilation but is imported by a module that does.
└ @ Base loading.jl:1107
