[ Info: MPI OK
┌ Warning: The call to compilecache failed to create a usable precompiled cache file for CodecZlib [944b1d66-785c-5afd-91f1-9de20f533193]
│   exception = Required dependency Zlib_jll [83775a58-1f1d-513f-b197-d71354ab007a] failed to load from a cache file.
└ @ Base loading.jl:1132
┌ Warning: The call to compilecache failed to create a usable precompiled cache file for CodecZlib [944b1d66-785c-5afd-91f1-9de20f533193]
│   exception = Required dependency Zlib_jll [83775a58-1f1d-513f-b197-d71354ab007a] failed to load from a cache file.
└ @ Base loading.jl:1132
┌ Warning: The call to compilecache failed to create a usable precompiled cache file for CSV [336ed68f-0bac-5ca0-87d4-7b16caf5d00b]
│   exception = Invalid input in module list: expected NetworkOptions.
└ @ Base loading.jl:1132
┌ Warning: The call to compilecache failed to create a usable precompiled cache file for OpenSpecFun_jll [efe28fd5-8261-553b-a9e1-b2916fc3738e]
│   exception = Required dependency CompilerSupportLibraries_jll [e66e0078-7015-5450-92f7-15fbd957f2ae] failed to load from a cache file.
└ @ Base loading.jl:1132
┌ Warning: The call to compilecache failed to create a usable precompiled cache file for OpenSpecFun_jll [efe28fd5-8261-553b-a9e1-b2916fc3738e]
│   exception = Required dependency CompilerSupportLibraries_jll [e66e0078-7015-5450-92f7-15fbd957f2ae] failed to load from a cache file.
└ @ Base loading.jl:1132
┌ Warning: The call to compilecache failed to create a usable precompiled cache file for OpenSpecFun_jll [efe28fd5-8261-553b-a9e1-b2916fc3738e]
│   exception = Required dependency CompilerSupportLibraries_jll [e66e0078-7015-5450-92f7-15fbd957f2ae] failed to load from a cache file.
└ @ Base loading.jl:1132
┌ Warning: The call to compilecache failed to create a usable precompiled cache file for OpenSpecFun_jll [efe28fd5-8261-553b-a9e1-b2916fc3738e]
│   exception = Required dependency CompilerSupportLibraries_jll [e66e0078-7015-5450-92f7-15fbd957f2ae] failed to load from a cache file.
└ @ Base loading.jl:1132
┌ Warning: The call to compilecache failed to create a usable precompiled cache file for OpenSpecFun_jll [efe28fd5-8261-553b-a9e1-b2916fc3738e]
│   exception = Required dependency CompilerSupportLibraries_jll [e66e0078-7015-5450-92f7-15fbd957f2ae] failed to load from a cache file.
└ @ Base loading.jl:1132
┌ Warning: The call to compilecache failed to create a usable precompiled cache file for SpecialFunctions [276daf66-3868-5448-9aa4-cd146d93841b]
│   exception = Required dependency OpenLibm_jll [05823500-19ac-5b8b-9628-191a04bc5112] failed to load from a cache file.
└ @ Base loading.jl:1132
┌ Warning: The call to compilecache failed to create a usable precompiled cache file for SpecialFunctions [276daf66-3868-5448-9aa4-cd146d93841b]
│   exception = Required dependency OpenLibm_jll [05823500-19ac-5b8b-9628-191a04bc5112] failed to load from a cache file.
└ @ Base loading.jl:1132
┌ Warning: The call to compilecache failed to create a usable precompiled cache file for SpecialFunctions [276daf66-3868-5448-9aa4-cd146d93841b]
│   exception = Required dependency OpenLibm_jll [05823500-19ac-5b8b-9628-191a04bc5112] failed to load from a cache file.
└ @ Base loading.jl:1132
┌ Warning: The call to compilecache failed to create a usable precompiled cache file for SpecialFunctions [276daf66-3868-5448-9aa4-cd146d93841b]
│   exception = Required dependency OpenLibm_jll [05823500-19ac-5b8b-9628-191a04bc5112] failed to load from a cache file.
└ @ Base loading.jl:1132
┌ Warning: The call to compilecache failed to create a usable precompiled cache file for SpecialFunctions [276daf66-3868-5448-9aa4-cd146d93841b]
│   exception = Required dependency OpenLibm_jll [05823500-19ac-5b8b-9628-191a04bc5112] failed to load from a cache file.
└ @ Base loading.jl:1132
┌ Warning: Module SpecialFunctions with build ID 26011873139978288 is missing from the cache.
│ This may mean SpecialFunctions [276daf66-3868-5448-9aa4-cd146d93841b] does not support precompilation but is imported by a module that does.
└ @ Base loading.jl:1107
┌ Warning: The call to compilecache failed to create a usable precompiled cache file for StatsFuns [4c63d2b9-4356-54db-8cca-17b64c39e42c]
│   exception = Required dependency SpecialFunctions [276daf66-3868-5448-9aa4-cd146d93841b] failed to load from a cache file.
└ @ Base loading.jl:1132
┌ Warning: Module SpecialFunctions with build ID 26011876394448629 is missing from the cache.
│ This may mean SpecialFunctions [276daf66-3868-5448-9aa4-cd146d93841b] does not support precompilation but is imported by a module that does.
└ @ Base loading.jl:1107
┌ Warning: Module SpecialFunctions with build ID 26011876438722486 is missing from the cache.
│ This may mean SpecialFunctions [276daf66-3868-5448-9aa4-cd146d93841b] does not support precompilation but is imported by a module that does.
└ @ Base loading.jl:1107
┌ Warning: Module SpecialFunctions with build ID 26011876453208097 is missing from the cache.
│ This may mean SpecialFunctions [276daf66-3868-5448-9aa4-cd146d93841b] does not support precompilation but is imported by a module that does.
└ @ Base loading.jl:1107
┌ Warning: Module SpecialFunctions with build ID 26011876457579560 is missing from the cache.
│ This may mean SpecialFunctions [276daf66-3868-5448-9aa4-cd146d93841b] does not support precompilation but is imported by a module that does.
└ @ Base loading.jl:1107
┌ Warning: Module SpecialFunctions with build ID 26011876453514939 is missing from the cache.
│ This may mean SpecialFunctions [276daf66-3868-5448-9aa4-cd146d93841b] does not support precompilation but is imported by a module that does.
└ @ Base loading.jl:1107
┌ Warning: The call to compilecache failed to create a usable precompiled cache file for StatsFuns [4c63d2b9-4356-54db-8cca-17b64c39e42c]
│   exception = Invalid input in module list: expected CompilerSupportLibraries_jll.
└ @ Base loading.jl:1132
┌ Warning: Module SpecialFunctions with build ID 26011879001643377 is missing from the cache.
│ This may mean SpecialFunctions [276daf66-3868-5448-9aa4-cd146d93841b] does not support precompilation but is imported by a module that does.
└ @ Base loading.jl:1107
┌ Warning: Module SpecialFunctions with build ID 26011881257714277 is missing from the cache.
│ This may mean SpecialFunctions [276daf66-3868-5448-9aa4-cd146d93841b] does not support precompilation but is imported by a module that does.
└ @ Base loading.jl:1107
┌ Warning: The call to compilecache failed to create a usable precompiled cache file for Distributions [31c24e10-a181-5473-b8eb-7969acd0382f]
│   exception = Required dependency StatsFuns [4c63d2b9-4356-54db-8cca-17b64c39e42c] failed to load from a cache file.
└ @ Base loading.jl:1132
┌ Warning: The call to compilecache failed to create a usable precompiled cache file for Distributions [31c24e10-a181-5473-b8eb-7969acd0382f]
│   exception = Required dependency StatsFuns [4c63d2b9-4356-54db-8cca-17b64c39e42c] failed to load from a cache file.
└ @ Base loading.jl:1132
┌ Warning: The call to compilecache failed to create a usable precompiled cache file for Distributions [31c24e10-a181-5473-b8eb-7969acd0382f]
│   exception = Required dependency StatsFuns [4c63d2b9-4356-54db-8cca-17b64c39e42c] failed to load from a cache file.
└ @ Base loading.jl:1132
┌ Warning: The call to compilecache failed to create a usable precompiled cache file for Distributions [31c24e10-a181-5473-b8eb-7969acd0382f]
│   exception = Required dependency StatsFuns [4c63d2b9-4356-54db-8cca-17b64c39e42c] failed to load from a cache file.
└ @ Base loading.jl:1132
┌ Warning: The call to compilecache failed to create a usable precompiled cache file for Distributions [31c24e10-a181-5473-b8eb-7969acd0382f]
│   exception = Required dependency SpecialFunctions [276daf66-3868-5448-9aa4-cd146d93841b] failed to load from a cache file.
└ @ Base loading.jl:1132
┌ Warning: Replacing module `SpecialFunctions`
└ @ Base loading.jl:1036
┌ Warning: The call to compilecache failed to create a usable precompiled cache file for Distributions [31c24e10-a181-5473-b8eb-7969acd0382f]
│   exception = Required dependency SpecialFunctions [276daf66-3868-5448-9aa4-cd146d93841b] failed to load from a cache file.
└ @ Base loading.jl:1132
┌ Warning: Replacing module `SpecialFunctions`
└ @ Base loading.jl:1036
ERROR: LoadError: ERROR: Failed to precompile FFMPEG [c87230d0-a227-11e9-1b43-d7ebe4e7570a] to /home/n/navarrodelacruz/.julia/compiled/v1.7/FFMPEG/jl_MWTYM9.
Stacktrace:
  [1] error(s::String)
    @ Base ./error.jl:33
  [2] compilecache(pkg::Base.PkgId, path::String, internal_stderr::IO, internal_stdout::IO, ignore_loaded_modules::Bool)
    @ Base ./loading.jl:1466
  [3] compilecache(pkg::Base.PkgId, path::String)
    @ Base ./loading.jl:1410
  [4] _require(pkg::Base.PkgId)
    @ Base ./loading.jl:1120
  [5] require(uuidkey::Base.PkgId)
    @ Base ./loading.jl:1013
  [6] require(into::Module, mod::Symbol)
    @ Base ./loading.jl:997
  [7] include
    @ ./Base.jl:418 [inlined]
  [8] include_package_for_output(pkg::Base.PkgId, input::String, depot_path::Vector{String}, dl_load_path::Vector{String}, load_path::Vector{String}, concrete_deps::Vector{Pair{Base.PkgId, UInt64}}, source::String)
    @ Base ./loading.jl:1318
  [9] top-level scope
    @ none:1
 [10] eval
    @ ./boot.jl:373 [inlined]
 [11] eval(x::Expr)
    @ Base.MainInclude ./client.jl:453
 [12] top-level scope
    @ none:1
in expression starting at /home/n/navarrodelacruz/.julia/packages/Plots/OeNV1/src/Plots.jl:1
ERROR: LoadError: LoadError: Failed to precompile Plots [91a5bcdd-55d7-5caf-9e0b-520d859cae80] to /home/n/navarrodelacruz/.julia/compiled/v1.7/Plots/jl_17DxCZ.
Stacktrace:
 [1] Failed to precompile Plots [91a5bcdd-55d7-5caf-9e0b-520d859cae80] to /home/n/navarrodelacruz/.julia/compiled/v1.7/Plots/jl_TGW2bc.
Stacktrace:
 [1] error(┌ Warning: The call to compilecache failed to create a usable precompiled cache file for Cairo_jll [83423d85-b0ee-5818-9007-b63ccbeb887a]
│   exception = Required dependency libpng_jll [b53b4c65-9356-5827-b1ea-8c7a1a84506f] failed to load from a cache file.
└ @ Base loading.jl:1132
error(┌ Warning: The call to compilecache failed to create a usable precompiled cache file for Cairo_jll [83423d85-b0ee-5818-9007-b63ccbeb887a]
│   exception = Required dependency libpng_jll [b53b4c65-9356-5827-b1ea-8c7a1a84506f] failed to load from a cache file.
└ @ Base loading.jl:1132
s::String)
   @ ┌ Warning: The call to compilecache failed to create a usable precompiled cache file for Cairo_jll [83423d85-b0ee-5818-9007-b63ccbeb887a]
│   exception = Required dependency libpng_jll [b53b4c65-9356-5827-b1ea-8c7a1a84506f] failed to load from a cache file.
└ @ Base loading.jl:1132
Base ./┌ Warning: The call to compilecache failed to create a usable precompiled cache file for Cairo_jll [83423d85-b0ee-5818-9007-b63ccbeb887a]
│   exception = Required dependency libpng_jll [b53b4c65-9356-5827-b1ea-8c7a1a84506f] failed to load from a cache file.
└ @ Base loading.jl:1132
s::error.jl:33
 [2] compilecache(pkg::Base.PkgId, path::String, internal_stderr::IO, internal_stdout::IO, ignore_loaded_modules::Bool)
   @ Base ./loading.jl:1466
 [3] compilecache(pkg::Base.PkgId, path::String)
   @ Base ./loading.jl:1410
 [4] _require(pkg::Base.PkgId)
   @ Base ./loading.jl:1120
 [5] require(uuidkey::Base.PkgId)
   @ Base ./loading.jl:1013
 [6] require(into::Module, mod::Symbol)
   @ Base ./loading.jl:997
in expression starting at /home/n/navarrodelacruz/odt/optimal_decision_tree/test/test.jl:3
String)
   @ --------------------------------------------------------------------------
Primary job  terminated normally, but 1 process returned
a non-zero exit code. Per user-direction, the job has been aborted.
--------------------------------------------------------------------------
--------------------------------------------------------------------------
mpiexec detected that one or more processes exited with non-zero status, thus causing
the job to be terminated. The first process to do so was:

  Process name: [[24777,1],3]
  Exit code:    1
--------------------------------------------------------------------------
slurmstepd: error: Detected 7 oom-kill event(s) in StepId=28670062.batch. Some of your processes may have been killed by the cgroup out-of-memory handler.
