[ Info: MPI OK
┌ Warning: Module bound with build ID 26012619690066152 is missing from the cache.
│ This may mean bound [top-level] does not support precompilation but is imported by a module that does.
└ @ Base loading.jl:1107
┌ Warning: Module bound with build ID 26012619729195564 is missing from the cache.
│ This may mean bound [top-level] does not support precompilation but is imported by a module that does.
└ @ Base loading.jl:1107
┌ Warning: Module bound with build ID 26012619690066152 is missing from the cache.
│ This may mean bound [top-level] does not support precompilation but is imported by a module that does.
└ @ Base loading.jl:1107
┌ Warning: Module bound with build ID 26012619654600824 is missing from the cache.
│ This may mean bound [top-level] does not support precompilation but is imported by a module that does.
└ @ Base loading.jl:1107
┌ Warning: Module bound with build ID 26012619729195564 is missing from the cache.
│ This may mean bound [top-level] does not support precompilation but is imported by a module that does.
└ @ Base loading.jl:1107
┌ Warning: Module bound with build ID 26012619729195564 is missing from the cache.
│ This may mean bound [top-level] does not support precompilation but is imported by a module that does.
└ @ Base loading.jl:1107
┌ Warning: Module bound with build ID 26012619690066152 is missing from the cache.
│ This may mean bound [top-level] does not support precompilation but is imported by a module that does.
└ @ Base loading.jl:1107
┌ Warning: Module bound with build ID 26012619729195564 is missing from the cache.
│ This may mean bound [top-level] does not support precompilation but is imported by a module that does.
└ @ Base loading.jl:1107
┌ Warning: Module bound with build ID 26012619729195564 is missing from the cache.
│ This may mean bound [top-level] does not support precompilation but is imported by a module that does.
└ @ Base loading.jl:1107
┌ Warning: Module bound with build ID 26012619690066152 is missing from the cache.
│ This may mean bound [top-level] does not support precompilation but is imported by a module that does.
└ @ Base loading.jl:1107
┌ Warning: Module bound with build ID 26012619654600824 is missing from the cache.
│ This may mean bound [top-level] does not support precompilation but is imported by a module that does.
└ @ Base loading.jl:1107
┌ Warning: Module bound with build ID 26012619729195564 is missing from the cache.
│ This may mean bound [top-level] does not support precompilation but is imported by a module that does.
└ @ Base loading.jl:1107
┌ Warning: Module bound with build ID 26012619729195564 is missing from the cache.
│ This may mean bound [top-level] does not support precompilation but is imported by a module that does.
└ @ Base loading.jl:1107
┌ Warning: Module bound with build ID 26012619690066152 is missing from the cache.
│ This may mean bound [top-level] does not support precompilation but is imported by a module that does.
└ @ Base loading.jl:1107
┌ Warning: Module bound with build ID 26012619690066152 is missing from the cache.
│ This may mean bound [top-level] does not support precompilation but is imported by a module that does.
└ @ Base loading.jl:1107
┌ Warning: Module bound with build ID 26012619729195564 is missing from the cache.
│ This may mean bound [top-level] does not support precompilation but is imported by a module that does.
└ @ Base loading.jl:1107
┌ Warning: Module bound with build ID 26012619729195564 is missing from the cache.
│ This may mean bound [top-level] does not support precompilation but is imported by a module that does.
└ @ Base loading.jl:1107
┌ Warning: Module bound with build ID 26012619654600824 is missing from the cache.
│ This may mean bound [top-level] does not support precompilation but is imported by a module that does.
└ @ Base loading.jl:1107
┌ Warning: Module TimerOutputs with build ID 26012608696432655 is missing from the cache.
│ This may mean TimerOutputs [a759f4b9-e2f1-59dc-863e-4aeb61b1ea8f] does not support precompilation but is imported by a module that does.
└ @ Base loading.jl:1107
┌ Warning: Module TimerOutputs with build ID 26012608685095228 is missing from the cache.
│ This may mean TimerOutputs [a759f4b9-e2f1-59dc-863e-4aeb61b1ea8f] does not support precompilation but is imported by a module that does.
└ @ Base loading.jl:1107
┌ Warning: Module TimerOutputs with build ID 26012608684648736 is missing from the cache.
│ This may mean TimerOutputs [a759f4b9-e2f1-59dc-863e-4aeb61b1ea8f] does not support precompilation but is imported by a module that does.
└ @ Base loading.jl:1107
┌ Warning: Module TimerOutputs with build ID 26012608696432655 is missing from the cache.
│ This may mean TimerOutputs [a759f4b9-e2f1-59dc-863e-4aeb61b1ea8f] does not support precompilation but is imported by a module that does.
└ @ Base loading.jl:1107
┌ Warning: Module ub_func with build ID 26012640948123003 is missing from the cache.
│ This may mean ub_func [top-level] does not support precompilation but is imported by a module that does.
└ @ Base loading.jl:1107
┌ Warning: Module ub_func with build ID 26012640954973464 is missing from the cache.
│ This may mean ub_func [top-level] does not support precompilation but is imported by a module that does.
└ @ Base loading.jl:1107
┌ Warning: Module Nodes with build ID 26012628340811217 is missing from the cache.
│ This may mean Nodes [top-level] does not support precompilation but is imported by a module that does.
└ @ Base loading.jl:1107
┌ Warning: Module Nodes with build ID 26012628325501444 is missing from the cache.
│ This may mean Nodes [top-level] does not support precompilation but is imported by a module that does.
└ @ Base loading.jl:1107
┌ Warning: Module Nodes with build ID 26012628329372310 is missing from the cache.
│ This may mean Nodes [top-level] does not support precompilation but is imported by a module that does.
└ @ Base loading.jl:1107
┌ Warning: Module Nodes with build ID 26012628331940979 is missing from the cache.
│ This may mean Nodes [top-level] does not support precompilation but is imported by a module that does.
└ @ Base loading.jl:1107
┌ Warning: Module Nodes with build ID 26012628328899831 is missing from the cache.
│ This may mean Nodes [top-level] does not support precompilation but is imported by a module that does.
└ @ Base loading.jl:1107
┌ Warning: Module Nodes with build ID 26012628329357718 is missing from the cache.
│ This may mean Nodes [top-level] does not support precompilation but is imported by a module that does.
└ @ Base loading.jl:1107
┌ Warning: Module Nodes with build ID 26012628331940979 is missing from the cache.
│ This may mean Nodes [top-level] does not support precompilation but is imported by a module that does.
└ @ Base loading.jl:1107
┌ Warning: Module Nodes with build ID 26012628340811217 is missing from the cache.
│ This may mean Nodes [top-level] does not support precompilation but is imported by a module that does.
└ @ Base loading.jl:1107
┌ Warning: Module Nodes with build ID 26012628325501444 is missing from the cache.
│ This may mean Nodes [top-level] does not support precompilation but is imported by a module that does.
└ @ Base loading.jl:1107
┌ Warning: Module Nodes with build ID 26012628329372310 is missing from the cache.
│ This may mean Nodes [top-level] does not support precompilation but is imported by a module that does.
└ @ Base loading.jl:1107
┌ Warning: Module Nodes with build ID 26012628328899831 is missing from the cache.
│ This may mean Nodes [top-level] does not support precompilation but is imported by a module that does.
└ @ Base loading.jl:1107
┌ Warning: Module Nodes with build ID 26012628329357718 is missing from the cache.
│ This may mean Nodes [top-level] does not support precompilation but is imported by a module that does.
└ @ Base loading.jl:1107
┌ Warning: Module bound with build ID 26012619729195564 is missing from the cache.
│ This may mean bound [top-level] does not support precompilation but is imported by a module that does.
└ @ Base loading.jl:1107
┌ Warning: Module bound with build ID 26012619690066152 is missing from the cache.
│ This may mean bound [top-level] does not support precompilation but is imported by a module that does.
└ @ Base loading.jl:1107
┌ Warning: Module bound with build ID 26012619729195564 is missing from the cache.
│ This may mean bound [top-level] does not support precompilation but is imported by a module that does.
└ @ Base loading.jl:1107
┌ Warning: Module bound with build ID 26012619729195564 is missing from the cache.
│ This may mean bound [top-level] does not support precompilation but is imported by a module that does.
└ @ Base loading.jl:1107
┌ Warning: Module bound with build ID 26012619654600824 is missing from the cache.
│ This may mean bound [top-level] does not support precompilation but is imported by a module that does.
└ @ Base loading.jl:1107
┌ Warning: Module bound with build ID 26012619690066152 is missing from the cache.
│ This may mean bound [top-level] does not support precompilation but is imported by a module that does.
└ @ Base loading.jl:1107
┌ Warning: Module ub_func with build ID 26012640977454079 is missing from the cache.
│ This may mean ub_func [top-level] does not support precompilation but is imported by a module that does.
└ @ Base loading.jl:1107
┌ Warning: Module ub_func with build ID 26012640947985886 is missing from the cache.
│ This may mean ub_func [top-level] does not support precompilation but is imported by a module that does.
└ @ Base loading.jl:1107
┌ Warning: Module ub_func with build ID 26012640948123003 is missing from the cache.
│ This may mean ub_func [top-level] does not support precompilation but is imported by a module that does.
└ @ Base loading.jl:1107
┌ Warning: Module ub_func with build ID 26012640949914169 is missing from the cache.
│ This may mean ub_func [top-level] does not support precompilation but is imported by a module that does.
└ @ Base loading.jl:1107
┌ Warning: Module ub_func with build ID 26012640899353351 is missing from the cache.
│ This may mean ub_func [top-level] does not support precompilation but is imported by a module that does.
└ @ Base loading.jl:1107
┌ Warning: Module ub_func with build ID 26012640954973464 is missing from the cache.
│ This may mean ub_func [top-level] does not support precompilation but is imported by a module that does.
└ @ Base loading.jl:1107
